<?xml version='1.0' encoding='UTF-8'?>
<GateDocument>
<!-- The document's features-->

<GateDocumentFeatures>
<Feature>
  <Name className="java.lang.String">gate.SourceURL</Name>
  <Value className="java.lang.String">created from String</Value>
</Feature>
</GateDocumentFeatures>
<!-- The document content area with serialized nodes -->

<TextWithNodes><Node id="0" />AAAA<Node id="4" />BBB<Node id="7" />AAAA<Node id="11" /></TextWithNodes>
<!-- The default annotation set -->

<AnnotationSet>
<Annotation Id="0" Type="A" StartNode="0" EndNode="11">
</Annotation>
<Annotation Id="1" Type="B" StartNode="4" EndNode="7">
<Feature>
  <Name className="java.lang.String">feat</Name>
  <Value className="java.lang.String">val</Value>
</Feature>
</Annotation>
<Annotation Id="3" Type="Out" StartNode="0" EndNode="11">
</Annotation>
</AnnotationSet>

</GateDocument>
